<?xml version="1.0" encoding="UTF-8"?>
<!-- Generated by org.testng.reporters.JUnitXMLReporter -->
<testsuite hostname="DESKTOP-G7980L0" failures="0" tests="2" name="Test" time="31.332" errors="0" timestamp="2 Jan 2022 11:07:09 GMT">
  <testcase classname="org.testing.TestScripts.TC2" name="@BeforeMethod before" time="0.0">
    <failure type="java.io.FileNotFoundException" message="..\FB_Project\src\Object.properties (The system cannot find the path specified)">
      <![CDATA[java.io.FileNotFoundException: ..\FB_Project\src\Object.properties (The system cannot find the path specified)
	at java.base/java.io.FileInputStream.open0(Native Method)
	at java.base/java.io.FileInputStream.open(FileInputStream.java:213)
	at java.base/java.io.FileInputStream.<init>(FileInputStream.java:155)
	at java.base/java.io.FileReader.<init>(FileReader.java:75)
	at org.testing.Base.BaseClass.before(BaseClass.java:31)
... Removed 26 stack frames]]>
    </failure>
  </testcase> <!-- @BeforeMethod before -->
  <testcase classname="org.testing.TestScripts.TC2" name="@AfterMethod after" time="0.0">
    <skipped/>
  </testcase> <!-- @AfterMethod after -->
  <testcase classname="org.testing.TestScripts.TC1" name="@BeforeMethod before" time="0.0">
    <skipped/>
  </testcase> <!-- @BeforeMethod before -->
  <testcase classname="org.testing.TestScripts.TC1" name="@AfterMethod after" time="0.0">
    <skipped/>
  </testcase> <!-- @AfterMethod after -->
  <testcase classname="org.testing.TestScripts.TC2" name="tc2" time="0.003">
    <skipped/>
  </testcase> <!-- tc2 -->
  <testcase classname="org.testing.TestScripts.TC1" name="tc1" time="0.002">
    <skipped/>
  </testcase> <!-- tc1 -->
</testsuite> <!-- Test -->
